u:\documents\3d android game\pewpewbangbang\pewpewbangbang\release\vc120.pdb
u:\documents\3d android game\pewpewbangbang\pewpewbangbang\release\shader.obj
u:\documents\3d android game\pewpewbangbang\pewpewbangbang\release\main.obj
u:\documents\3d android game\pewpewbangbang\pewpewbangbang\release\cube.obj
u:\documents\3d android game\pewpewbangbang\pewpewbangbang\release\font.obj
u:\documents\3d android game\pewpewbangbang\pewpewbangbang\release\crosshair.obj
u:\documents\3d android game\pewpewbangbang\pewpewbangbang\release\laser.obj
u:\documents\3d android game\pewpewbangbang\pewpewbangbang\release\sceneobject.obj
u:\documents\3d android game\pewpewbangbang\pewpewbangbang\release\light.obj
u:\documents\3d android game\pewpewbangbang\pewpewbangbang\release\player.obj
u:\documents\3d android game\pewpewbangbang\pewpewbangbang\release\bullet.obj
u:\documents\3d android game\pewpewbangbang\release\pewpewbangbang.exe
u:\documents\3d android game\pewpewbangbang\release\pewpewbangbang.pdb
u:\documents\3d android game\pewpewbangbang\pewpewbangbang\release\pewpewbangbang.pdb
u:\documents\3d android game\pewpewbangbang\pewpewbangbang\release\pewpewbangbang.tlog\cl.command.1.tlog
u:\documents\3d android game\pewpewbangbang\pewpewbangbang\release\pewpewbangbang.tlog\cl.read.1.tlog
u:\documents\3d android game\pewpewbangbang\pewpewbangbang\release\pewpewbangbang.tlog\cl.write.1.tlog
u:\documents\3d android game\pewpewbangbang\pewpewbangbang\release\pewpewbangbang.tlog\link.command.1.tlog
u:\documents\3d android game\pewpewbangbang\pewpewbangbang\release\pewpewbangbang.tlog\link.read.1.tlog
u:\documents\3d android game\pewpewbangbang\pewpewbangbang\release\pewpewbangbang.tlog\link.write.1.tlog
