Build started 01/09/2017 13:25:07.
     1>Project "U:\Documents\3D Android Game\PewPewBangBang\PewPewBangBang\PewPewBangBang.vcxproj" on node 2 (Build target(s)).
     1>ClCompile:
         C:\Program Files (x86)\Microsoft Visual Studio 12.0\VC\bin\CL.exe /c /Zi /nologo /W3 /WX- /sdl /O2 /Oi /Oy- /GL /D _MBCS /Gm- /EHsc /MD /GS /Gy /fp:precise /Zc:wchar_t /Zc:forScope /Fo"Release\\" /Fd"Release\vc120.pdb" /Gd /TP /analyze- /errorReport:prompt Main.cpp
         Main.cpp
     1>Main.cpp(488): warning C4244: 'initializing' : conversion from 'double' to 'GLfloat', possible loss of data
     1>Main.cpp(615): warning C4244: '=' : conversion from 'double' to 'GLfloat', possible loss of data
     1>Main.cpp(616): warning C4244: '=' : conversion from 'double' to 'GLfloat', possible loss of data
     1>Main.cpp(620): warning C4244: 'initializing' : conversion from 'double' to 'GLfloat', possible loss of data
     1>Main.cpp(621): warning C4244: 'initializing' : conversion from 'double' to 'GLfloat', possible loss of data
     1>Main.cpp(623): warning C4244: '=' : conversion from 'double' to 'GLfloat', possible loss of data
     1>Main.cpp(624): warning C4244: '=' : conversion from 'double' to 'GLfloat', possible loss of data
       Link:
         C:\Program Files (x86)\Microsoft Visual Studio 12.0\VC\bin\link.exe /ERRORREPORT:PROMPT /OUT:"U:\Documents\3D Android Game\PewPewBangBang\Release\PewPewBangBang.exe" /NOLOGO glew32s.lib glfw3.lib opengl32.lib SOIL.lib freetype.lib irrklang.lib kernel32.lib user32.lib gdi32.lib winspool.lib comdlg32.lib advapi32.lib shell32.lib ole32.lib oleaut32.lib uuid.lib odbc32.lib odbccp32.lib /MANIFEST /MANIFESTUAC:"level='asInvoker' uiAccess='false'" /manifest:embed /DEBUG /PDB:"U:\Documents\3D Android Game\PewPewBangBang\Release\PewPewBangBang.pdb" /OPT:REF /OPT:ICF /LTCG /TLBID:1 /DYNAMICBASE /NXCOMPAT /IMPLIB:"U:\Documents\3D Android Game\PewPewBangBang\Release\PewPewBangBang.lib" /MACHINE:X86 /SAFESEH Release\Main.obj
         Release\Shader.obj
     1>SOIL.lib(SOIL.obj) : warning LNK4075: ignoring '/EDITANDCONTINUE' due to '/OPT:ICF' specification
     1>LINK : warning LNK4098: defaultlib 'LIBCMT' conflicts with use of other libs; use /NODEFAULTLIB:library
     1>LINK : warning LNK4098: defaultlib 'MSVCRTD' conflicts with use of other libs; use /NODEFAULTLIB:library
         Generating code
         Finished generating code
     1>Shader.obj : warning LNK4049: locally defined symbol ___glewAttachShader imported
     1>Shader.obj : warning LNK4049: locally defined symbol ___glewCreateProgram imported
     1>Shader.obj : warning LNK4049: locally defined symbol ___glewGetProgramInfoLog imported
     1>Shader.obj : warning LNK4049: locally defined symbol ___glewGetShaderiv imported
     1>Shader.obj : warning LNK4049: locally defined symbol ___glewGetProgramiv imported
     1>Shader.obj : warning LNK4049: locally defined symbol ___glewShaderSource imported
     1>Shader.obj : warning LNK4049: locally defined symbol ___glewUseProgram imported
     1>Shader.obj : warning LNK4049: locally defined symbol ___glewCompileShader imported
     1>Shader.obj : warning LNK4049: locally defined symbol ___glewLinkProgram imported
     1>Shader.obj : warning LNK4049: locally defined symbol ___glewGetShaderInfoLog imported
     1>Shader.obj : warning LNK4049: locally defined symbol ___glewCreateShader imported
     1>Shader.obj : warning LNK4049: locally defined symbol ___glewDeleteShader imported
     1>glew32s.lib(glew.obj) : warning LNK4099: PDB 'vc120.pdb' was not found with 'glew32s.lib(glew.obj)' or at 'U:\Documents\3D Android Game\PewPewBangBang\Release\vc120.pdb'; linking object as if no debug info
         PewPewBangBang.vcxproj -> U:\Documents\3D Android Game\PewPewBangBang\Release\PewPewBangBang.exe
     1>Done Building Project "U:\Documents\3D Android Game\PewPewBangBang\PewPewBangBang\PewPewBangBang.vcxproj" (Build target(s)).

Build succeeded.

Time Elapsed 00:00:04.98
